{"/home/hector/Documents/GildedRose-Refactoring-Kata/app/gilded-rose.ts": {"path":"/home/hector/Documents/GildedRose-Refactoring-Kata/app/gilded-rose.ts","all":false,"statementMap":{"0":{"start":{"line":1,"column":0},"end":{"line":1,"column":19}},"1":{"start":{"line":2,"column":0},"end":{"line":2,"column":15}},"2":{"start":{"line":3,"column":0},"end":{"line":3,"column":17}},"3":{"start":{"line":4,"column":0},"end":{"line":4,"column":18}},"4":{"start":{"line":5,"column":0},"end":{"line":5,"column":0}},"5":{"start":{"line":6,"column":0},"end":{"line":6,"column":62}},"6":{"start":{"line":7,"column":0},"end":{"line":7,"column":21}},"7":{"start":{"line":8,"column":0},"end":{"line":8,"column":25}},"8":{"start":{"line":9,"column":0},"end":{"line":9,"column":27}},"9":{"start":{"line":10,"column":0},"end":{"line":10,"column":3}},"10":{"start":{"line":11,"column":0},"end":{"line":11,"column":1}},"11":{"start":{"line":12,"column":0},"end":{"line":12,"column":0}},"12":{"start":{"line":13,"column":0},"end":{"line":13,"column":19}},"13":{"start":{"line":14,"column":0},"end":{"line":14,"column":22}},"14":{"start":{"line":15,"column":0},"end":{"line":15,"column":64}},"15":{"start":{"line":16,"column":0},"end":{"line":16,"column":41}},"16":{"start":{"line":17,"column":0},"end":{"line":17,"column":32}},"17":{"start":{"line":18,"column":0},"end":{"line":18,"column":2}},"18":{"start":{"line":19,"column":0},"end":{"line":19,"column":0}},"19":{"start":{"line":20,"column":0},"end":{"line":20,"column":23}},"20":{"start":{"line":21,"column":0},"end":{"line":21,"column":22}},"21":{"start":{"line":22,"column":0},"end":{"line":22,"column":28}},"22":{"start":{"line":23,"column":0},"end":{"line":23,"column":37}},"23":{"start":{"line":24,"column":0},"end":{"line":24,"column":37}},"24":{"start":{"line":25,"column":0},"end":{"line":25,"column":28}},"25":{"start":{"line":26,"column":0},"end":{"line":26,"column":28}},"26":{"start":{"line":27,"column":0},"end":{"line":27,"column":37}},"27":{"start":{"line":28,"column":0},"end":{"line":28,"column":36}},"28":{"start":{"line":29,"column":0},"end":{"line":29,"column":37}},"29":{"start":{"line":30,"column":0},"end":{"line":30,"column":0}},"30":{"start":{"line":31,"column":0},"end":{"line":31,"column":25}},"31":{"start":{"line":32,"column":0},"end":{"line":32,"column":21}},"32":{"start":{"line":33,"column":0},"end":{"line":33,"column":0}},"33":{"start":{"line":34,"column":0},"end":{"line":34,"column":42}},"34":{"start":{"line":35,"column":0},"end":{"line":35,"column":23}},"35":{"start":{"line":36,"column":0},"end":{"line":36,"column":3}},"36":{"start":{"line":37,"column":0},"end":{"line":37,"column":0}},"37":{"start":{"line":38,"column":0},"end":{"line":38,"column":19}},"38":{"start":{"line":39,"column":0},"end":{"line":39,"column":36}},"39":{"start":{"line":40,"column":0},"end":{"line":40,"column":26}},"40":{"start":{"line":41,"column":0},"end":{"line":41,"column":30}},"41":{"start":{"line":42,"column":0},"end":{"line":42,"column":36}},"42":{"start":{"line":43,"column":0},"end":{"line":43,"column":19}},"43":{"start":{"line":44,"column":0},"end":{"line":44,"column":40}},"44":{"start":{"line":45,"column":0},"end":{"line":45,"column":43}},"45":{"start":{"line":46,"column":0},"end":{"line":46,"column":19}},"46":{"start":{"line":47,"column":0},"end":{"line":47,"column":32}},"47":{"start":{"line":48,"column":0},"end":{"line":48,"column":36}},"48":{"start":{"line":49,"column":0},"end":{"line":49,"column":19}},"49":{"start":{"line":50,"column":0},"end":{"line":50,"column":32}},"50":{"start":{"line":51,"column":0},"end":{"line":51,"column":36}},"51":{"start":{"line":52,"column":0},"end":{"line":52,"column":19}},"52":{"start":{"line":53,"column":0},"end":{"line":53,"column":16}},"53":{"start":{"line":54,"column":0},"end":{"line":54,"column":34}},"54":{"start":{"line":55,"column":0},"end":{"line":55,"column":19}},"55":{"start":{"line":56,"column":0},"end":{"line":56,"column":7}},"56":{"start":{"line":57,"column":0},"end":{"line":57,"column":5}},"57":{"start":{"line":58,"column":0},"end":{"line":58,"column":22}},"58":{"start":{"line":59,"column":0},"end":{"line":59,"column":3}},"59":{"start":{"line":60,"column":0},"end":{"line":60,"column":0}},"60":{"start":{"line":61,"column":0},"end":{"line":61,"column":75}},"61":{"start":{"line":62,"column":0},"end":{"line":62,"column":64}},"62":{"start":{"line":63,"column":0},"end":{"line":63,"column":3}},"63":{"start":{"line":64,"column":0},"end":{"line":64,"column":0}},"64":{"start":{"line":65,"column":0},"end":{"line":65,"column":75}},"65":{"start":{"line":66,"column":0},"end":{"line":66,"column":64}},"66":{"start":{"line":67,"column":0},"end":{"line":67,"column":3}},"67":{"start":{"line":68,"column":0},"end":{"line":68,"column":0}},"68":{"start":{"line":69,"column":0},"end":{"line":69,"column":38}},"69":{"start":{"line":70,"column":0},"end":{"line":70,"column":18}},"70":{"start":{"line":71,"column":0},"end":{"line":71,"column":31}},"71":{"start":{"line":72,"column":0},"end":{"line":72,"column":3}},"72":{"start":{"line":73,"column":0},"end":{"line":73,"column":0}},"73":{"start":{"line":74,"column":0},"end":{"line":74,"column":45}},"74":{"start":{"line":75,"column":0},"end":{"line":75,"column":18}},"75":{"start":{"line":76,"column":0},"end":{"line":76,"column":27}},"76":{"start":{"line":77,"column":0},"end":{"line":77,"column":33}},"77":{"start":{"line":78,"column":0},"end":{"line":78,"column":58}},"78":{"start":{"line":79,"column":0},"end":{"line":79,"column":61}},"79":{"start":{"line":80,"column":0},"end":{"line":80,"column":57}},"80":{"start":{"line":81,"column":0},"end":{"line":81,"column":60}},"81":{"start":{"line":82,"column":0},"end":{"line":82,"column":12}},"82":{"start":{"line":83,"column":0},"end":{"line":83,"column":33}},"83":{"start":{"line":84,"column":0},"end":{"line":84,"column":5}},"84":{"start":{"line":85,"column":0},"end":{"line":85,"column":3}},"85":{"start":{"line":86,"column":0},"end":{"line":86,"column":0}},"86":{"start":{"line":87,"column":0},"end":{"line":87,"column":38}},"87":{"start":{"line":88,"column":0},"end":{"line":88,"column":36}},"88":{"start":{"line":89,"column":0},"end":{"line":89,"column":3}},"89":{"start":{"line":90,"column":0},"end":{"line":90,"column":0}},"90":{"start":{"line":91,"column":0},"end":{"line":91,"column":38}},"91":{"start":{"line":92,"column":0},"end":{"line":92,"column":18}},"92":{"start":{"line":93,"column":0},"end":{"line":93,"column":59}},"93":{"start":{"line":94,"column":0},"end":{"line":94,"column":26}},"94":{"start":{"line":95,"column":0},"end":{"line":95,"column":61}},"95":{"start":{"line":96,"column":0},"end":{"line":96,"column":5}},"96":{"start":{"line":97,"column":0},"end":{"line":97,"column":3}},"97":{"start":{"line":98,"column":0},"end":{"line":98,"column":0}},"98":{"start":{"line":99,"column":0},"end":{"line":99,"column":36}},"99":{"start":{"line":100,"column":0},"end":{"line":100,"column":18}},"100":{"start":{"line":101,"column":0},"end":{"line":101,"column":31}},"101":{"start":{"line":102,"column":0},"end":{"line":102,"column":26}},"102":{"start":{"line":103,"column":0},"end":{"line":103,"column":33}},"103":{"start":{"line":104,"column":0},"end":{"line":104,"column":5}},"104":{"start":{"line":105,"column":0},"end":{"line":105,"column":3}},"105":{"start":{"line":106,"column":0},"end":{"line":106,"column":1}}},"s":{"0":1,"1":1,"2":1,"3":1,"4":1,"5":1,"6":16,"7":16,"8":16,"9":16,"10":1,"11":1,"12":1,"13":1,"14":1,"15":1,"16":1,"17":1,"18":1,"19":1,"20":1,"21":1,"22":1,"23":1,"24":1,"25":1,"26":1,"27":1,"28":1,"29":1,"30":1,"31":1,"32":1,"33":1,"34":14,"35":14,"36":1,"37":1,"38":16,"39":18,"40":18,"41":4,"42":4,"43":18,"44":6,"45":6,"46":18,"47":3,"48":3,"49":18,"50":2,"51":2,"52":18,"53":3,"54":3,"55":18,"56":18,"57":16,"58":16,"59":1,"60":1,"61":9,"62":9,"63":1,"64":1,"65":7,"66":7,"67":1,"68":1,"69":4,"70":4,"71":4,"72":1,"73":1,"74":6,"75":6,"76":1,"77":6,"78":3,"79":5,"80":1,"81":1,"82":1,"83":1,"84":6,"85":1,"86":1,"87":3,"88":3,"89":1,"90":1,"91":2,"92":2,"93":2,"94":1,"95":1,"96":2,"97":1,"98":1,"99":3,"100":3,"101":3,"102":1,"103":1,"104":3,"105":1},"branchMap":{"0":{"type":"branch","line":1,"loc":{"start":{"line":1,"column":0},"end":{"line":11,"column":1}},"locations":[{"start":{"line":1,"column":0},"end":{"line":11,"column":1}}]},"1":{"type":"branch","line":6,"loc":{"start":{"line":6,"column":2},"end":{"line":10,"column":3}},"locations":[{"start":{"line":6,"column":2},"end":{"line":10,"column":3}}]},"2":{"type":"branch","line":31,"loc":{"start":{"line":31,"column":0},"end":{"line":106,"column":1}},"locations":[{"start":{"line":31,"column":0},"end":{"line":106,"column":1}}]},"3":{"type":"branch","line":34,"loc":{"start":{"line":34,"column":2},"end":{"line":36,"column":3}},"locations":[{"start":{"line":34,"column":2},"end":{"line":36,"column":3}}]},"4":{"type":"branch","line":34,"loc":{"start":{"line":34,"column":14},"end":{"line":34,"column":42}},"locations":[{"start":{"line":34,"column":14},"end":{"line":34,"column":42}}]},"5":{"type":"branch","line":38,"loc":{"start":{"line":38,"column":2},"end":{"line":59,"column":3}},"locations":[{"start":{"line":38,"column":2},"end":{"line":59,"column":3}}]},"6":{"type":"branch","line":39,"loc":{"start":{"line":39,"column":35},"end":{"line":57,"column":5}},"locations":[{"start":{"line":39,"column":35},"end":{"line":57,"column":5}}]},"7":{"type":"branch","line":41,"loc":{"start":{"line":41,"column":8},"end":{"line":43,"column":19}},"locations":[{"start":{"line":41,"column":8},"end":{"line":43,"column":19}}]},"8":{"type":"branch","line":44,"loc":{"start":{"line":44,"column":8},"end":{"line":46,"column":19}},"locations":[{"start":{"line":44,"column":8},"end":{"line":46,"column":19}}]},"9":{"type":"branch","line":47,"loc":{"start":{"line":47,"column":8},"end":{"line":49,"column":19}},"locations":[{"start":{"line":47,"column":8},"end":{"line":49,"column":19}}]},"10":{"type":"branch","line":50,"loc":{"start":{"line":50,"column":8},"end":{"line":52,"column":19}},"locations":[{"start":{"line":50,"column":8},"end":{"line":52,"column":19}}]},"11":{"type":"branch","line":53,"loc":{"start":{"line":53,"column":8},"end":{"line":55,"column":19}},"locations":[{"start":{"line":53,"column":8},"end":{"line":55,"column":19}}]},"12":{"type":"branch","line":61,"loc":{"start":{"line":61,"column":2},"end":{"line":63,"column":3}},"locations":[{"start":{"line":61,"column":2},"end":{"line":63,"column":3}}]},"13":{"type":"branch","line":61,"loc":{"start":{"line":61,"column":38},"end":{"line":61,"column":75}},"locations":[{"start":{"line":61,"column":38},"end":{"line":61,"column":75}}]},"14":{"type":"branch","line":65,"loc":{"start":{"line":65,"column":2},"end":{"line":67,"column":3}},"locations":[{"start":{"line":65,"column":2},"end":{"line":67,"column":3}}]},"15":{"type":"branch","line":65,"loc":{"start":{"line":65,"column":38},"end":{"line":65,"column":75}},"locations":[{"start":{"line":65,"column":38},"end":{"line":65,"column":75}}]},"16":{"type":"branch","line":69,"loc":{"start":{"line":69,"column":2},"end":{"line":72,"column":3}},"locations":[{"start":{"line":69,"column":2},"end":{"line":72,"column":3}}]},"17":{"type":"branch","line":74,"loc":{"start":{"line":74,"column":2},"end":{"line":85,"column":3}},"locations":[{"start":{"line":74,"column":2},"end":{"line":85,"column":3}}]},"18":{"type":"branch","line":76,"loc":{"start":{"line":76,"column":26},"end":{"line":78,"column":11}},"locations":[{"start":{"line":76,"column":26},"end":{"line":78,"column":11}}]},"19":{"type":"branch","line":78,"loc":{"start":{"line":78,"column":5},"end":{"line":84,"column":5}},"locations":[{"start":{"line":78,"column":5},"end":{"line":84,"column":5}}]},"20":{"type":"branch","line":78,"loc":{"start":{"line":78,"column":57},"end":{"line":80,"column":11}},"locations":[{"start":{"line":78,"column":57},"end":{"line":80,"column":11}}]},"21":{"type":"branch","line":80,"loc":{"start":{"line":80,"column":5},"end":{"line":84,"column":5}},"locations":[{"start":{"line":80,"column":5},"end":{"line":84,"column":5}}]},"22":{"type":"branch","line":80,"loc":{"start":{"line":80,"column":56},"end":{"line":84,"column":5}},"locations":[{"start":{"line":80,"column":56},"end":{"line":84,"column":5}}]},"23":{"type":"branch","line":87,"loc":{"start":{"line":87,"column":2},"end":{"line":89,"column":3}},"locations":[{"start":{"line":87,"column":2},"end":{"line":89,"column":3}}]},"24":{"type":"branch","line":91,"loc":{"start":{"line":91,"column":2},"end":{"line":97,"column":3}},"locations":[{"start":{"line":91,"column":2},"end":{"line":97,"column":3}}]},"25":{"type":"branch","line":94,"loc":{"start":{"line":94,"column":25},"end":{"line":96,"column":5}},"locations":[{"start":{"line":94,"column":25},"end":{"line":96,"column":5}}]},"26":{"type":"branch","line":99,"loc":{"start":{"line":99,"column":2},"end":{"line":105,"column":3}},"locations":[{"start":{"line":99,"column":2},"end":{"line":105,"column":3}}]},"27":{"type":"branch","line":102,"loc":{"start":{"line":102,"column":25},"end":{"line":104,"column":5}},"locations":[{"start":{"line":102,"column":25},"end":{"line":104,"column":5}}]}},"b":{"0":[1],"1":[16],"2":[1],"3":[14],"4":[0],"5":[16],"6":[18],"7":[4],"8":[6],"9":[3],"10":[2],"11":[3],"12":[9],"13":[5],"14":[7],"15":[4],"16":[4],"17":[6],"18":[1],"19":[5],"20":[3],"21":[2],"22":[1],"23":[3],"24":[2],"25":[1],"26":[3],"27":[1]},"fnMap":{"0":{"name":"Item","decl":{"start":{"line":6,"column":2},"end":{"line":10,"column":3}},"loc":{"start":{"line":6,"column":2},"end":{"line":10,"column":3}},"line":6},"1":{"name":"GildedRose","decl":{"start":{"line":34,"column":2},"end":{"line":36,"column":3}},"loc":{"start":{"line":34,"column":2},"end":{"line":36,"column":3}},"line":34},"2":{"name":"Object.<anonymous>.GildedRose.updateQuality","decl":{"start":{"line":38,"column":2},"end":{"line":59,"column":3}},"loc":{"start":{"line":38,"column":2},"end":{"line":59,"column":3}},"line":38},"3":{"name":"Object.<anonymous>.GildedRose.increaseQuality","decl":{"start":{"line":61,"column":2},"end":{"line":63,"column":3}},"loc":{"start":{"line":61,"column":2},"end":{"line":63,"column":3}},"line":61},"4":{"name":"Object.<anonymous>.GildedRose.decreaseQuality","decl":{"start":{"line":65,"column":2},"end":{"line":67,"column":3}},"loc":{"start":{"line":65,"column":2},"end":{"line":67,"column":3}},"line":65},"5":{"name":"Object.<anonymous>.GildedRose.updateAgedBrie","decl":{"start":{"line":69,"column":2},"end":{"line":72,"column":3}},"loc":{"start":{"line":69,"column":2},"end":{"line":72,"column":3}},"line":69},"6":{"name":"Object.<anonymous>.GildedRose.updateBackstagePasses","decl":{"start":{"line":74,"column":2},"end":{"line":85,"column":3}},"loc":{"start":{"line":74,"column":2},"end":{"line":85,"column":3}},"line":74},"7":{"name":"Object.<anonymous>.GildedRose.updateSulfuras","decl":{"start":{"line":87,"column":2},"end":{"line":89,"column":3}},"loc":{"start":{"line":87,"column":2},"end":{"line":89,"column":3}},"line":87},"8":{"name":"Object.<anonymous>.GildedRose.updateConjured","decl":{"start":{"line":91,"column":2},"end":{"line":97,"column":3}},"loc":{"start":{"line":91,"column":2},"end":{"line":97,"column":3}},"line":91},"9":{"name":"Object.<anonymous>.GildedRose.updateNormal","decl":{"start":{"line":99,"column":2},"end":{"line":105,"column":3}},"loc":{"start":{"line":99,"column":2},"end":{"line":105,"column":3}},"line":99}},"f":{"0":16,"1":14,"2":16,"3":9,"4":7,"5":4,"6":6,"7":3,"8":2,"9":3}}
}
