{"/home/hector/Documents/GildedRose-Refactoring-Kata/app/gilded-rose.ts": {"path":"/home/hector/Documents/GildedRose-Refactoring-Kata/app/gilded-rose.ts","all":false,"statementMap":{"0":{"start":{"line":1,"column":0},"end":{"line":1,"column":19}},"1":{"start":{"line":2,"column":0},"end":{"line":2,"column":15}},"2":{"start":{"line":3,"column":0},"end":{"line":3,"column":17}},"3":{"start":{"line":4,"column":0},"end":{"line":4,"column":18}},"4":{"start":{"line":5,"column":0},"end":{"line":5,"column":0}},"5":{"start":{"line":6,"column":0},"end":{"line":6,"column":62}},"6":{"start":{"line":7,"column":0},"end":{"line":7,"column":21}},"7":{"start":{"line":8,"column":0},"end":{"line":8,"column":25}},"8":{"start":{"line":9,"column":0},"end":{"line":9,"column":27}},"9":{"start":{"line":10,"column":0},"end":{"line":10,"column":3}},"10":{"start":{"line":11,"column":0},"end":{"line":11,"column":1}},"11":{"start":{"line":12,"column":0},"end":{"line":12,"column":0}},"12":{"start":{"line":13,"column":0},"end":{"line":13,"column":19}},"13":{"start":{"line":14,"column":0},"end":{"line":14,"column":22}},"14":{"start":{"line":15,"column":0},"end":{"line":15,"column":64}},"15":{"start":{"line":16,"column":0},"end":{"line":16,"column":41}},"16":{"start":{"line":17,"column":0},"end":{"line":17,"column":32}},"17":{"start":{"line":18,"column":0},"end":{"line":18,"column":1}},"18":{"start":{"line":19,"column":0},"end":{"line":19,"column":0}},"19":{"start":{"line":20,"column":0},"end":{"line":20,"column":25}},"20":{"start":{"line":21,"column":0},"end":{"line":21,"column":21}},"21":{"start":{"line":22,"column":0},"end":{"line":22,"column":0}},"22":{"start":{"line":23,"column":0},"end":{"line":23,"column":42}},"23":{"start":{"line":24,"column":0},"end":{"line":24,"column":23}},"24":{"start":{"line":25,"column":0},"end":{"line":25,"column":3}},"25":{"start":{"line":26,"column":0},"end":{"line":26,"column":0}},"26":{"start":{"line":27,"column":0},"end":{"line":27,"column":19}},"27":{"start":{"line":28,"column":0},"end":{"line":28,"column":36}},"28":{"start":{"line":29,"column":0},"end":{"line":29,"column":26}},"29":{"start":{"line":30,"column":0},"end":{"line":30,"column":30}},"30":{"start":{"line":31,"column":0},"end":{"line":31,"column":36}},"31":{"start":{"line":32,"column":0},"end":{"line":32,"column":19}},"32":{"start":{"line":33,"column":0},"end":{"line":33,"column":40}},"33":{"start":{"line":34,"column":0},"end":{"line":34,"column":43}},"34":{"start":{"line":35,"column":0},"end":{"line":35,"column":19}},"35":{"start":{"line":36,"column":0},"end":{"line":36,"column":32}},"36":{"start":{"line":37,"column":0},"end":{"line":37,"column":36}},"37":{"start":{"line":38,"column":0},"end":{"line":38,"column":19}},"38":{"start":{"line":39,"column":0},"end":{"line":39,"column":32}},"39":{"start":{"line":40,"column":0},"end":{"line":40,"column":36}},"40":{"start":{"line":41,"column":0},"end":{"line":41,"column":19}},"41":{"start":{"line":42,"column":0},"end":{"line":42,"column":16}},"42":{"start":{"line":43,"column":0},"end":{"line":43,"column":34}},"43":{"start":{"line":44,"column":0},"end":{"line":44,"column":16}},"44":{"start":{"line":45,"column":0},"end":{"line":45,"column":7}},"45":{"start":{"line":46,"column":0},"end":{"line":46,"column":5}},"46":{"start":{"line":47,"column":0},"end":{"line":47,"column":22}},"47":{"start":{"line":48,"column":0},"end":{"line":48,"column":3}},"48":{"start":{"line":49,"column":0},"end":{"line":49,"column":0}},"49":{"start":{"line":50,"column":0},"end":{"line":50,"column":59}},"50":{"start":{"line":51,"column":0},"end":{"line":51,"column":55}},"51":{"start":{"line":52,"column":0},"end":{"line":52,"column":3}},"52":{"start":{"line":53,"column":0},"end":{"line":53,"column":0}},"53":{"start":{"line":54,"column":0},"end":{"line":54,"column":59}},"54":{"start":{"line":55,"column":0},"end":{"line":55,"column":54}},"55":{"start":{"line":56,"column":0},"end":{"line":56,"column":3}},"56":{"start":{"line":57,"column":0},"end":{"line":57,"column":0}},"57":{"start":{"line":58,"column":0},"end":{"line":58,"column":38}},"58":{"start":{"line":59,"column":0},"end":{"line":59,"column":18}},"59":{"start":{"line":60,"column":0},"end":{"line":60,"column":31}},"60":{"start":{"line":61,"column":0},"end":{"line":61,"column":3}},"61":{"start":{"line":62,"column":0},"end":{"line":62,"column":0}},"62":{"start":{"line":63,"column":0},"end":{"line":63,"column":45}},"63":{"start":{"line":64,"column":0},"end":{"line":64,"column":18}},"64":{"start":{"line":65,"column":0},"end":{"line":65,"column":26}},"65":{"start":{"line":66,"column":0},"end":{"line":66,"column":23}},"66":{"start":{"line":67,"column":0},"end":{"line":67,"column":33}},"67":{"start":{"line":68,"column":0},"end":{"line":68,"column":36}},"68":{"start":{"line":69,"column":0},"end":{"line":69,"column":34}},"69":{"start":{"line":70,"column":0},"end":{"line":70,"column":36}},"70":{"start":{"line":71,"column":0},"end":{"line":71,"column":12}},"71":{"start":{"line":72,"column":0},"end":{"line":72,"column":33}},"72":{"start":{"line":73,"column":0},"end":{"line":73,"column":5}},"73":{"start":{"line":74,"column":0},"end":{"line":74,"column":3}},"74":{"start":{"line":75,"column":0},"end":{"line":75,"column":0}},"75":{"start":{"line":76,"column":0},"end":{"line":76,"column":38}},"76":{"start":{"line":77,"column":0},"end":{"line":77,"column":22}},"77":{"start":{"line":78,"column":0},"end":{"line":78,"column":3}},"78":{"start":{"line":79,"column":0},"end":{"line":79,"column":0}},"79":{"start":{"line":80,"column":0},"end":{"line":80,"column":38}},"80":{"start":{"line":81,"column":0},"end":{"line":81,"column":18}},"81":{"start":{"line":82,"column":0},"end":{"line":82,"column":34}},"82":{"start":{"line":83,"column":0},"end":{"line":83,"column":26}},"83":{"start":{"line":84,"column":0},"end":{"line":84,"column":36}},"84":{"start":{"line":85,"column":0},"end":{"line":85,"column":5}},"85":{"start":{"line":86,"column":0},"end":{"line":86,"column":3}},"86":{"start":{"line":87,"column":0},"end":{"line":87,"column":0}},"87":{"start":{"line":88,"column":0},"end":{"line":88,"column":36}},"88":{"start":{"line":89,"column":0},"end":{"line":89,"column":18}},"89":{"start":{"line":90,"column":0},"end":{"line":90,"column":31}},"90":{"start":{"line":91,"column":0},"end":{"line":91,"column":26}},"91":{"start":{"line":92,"column":0},"end":{"line":92,"column":33}},"92":{"start":{"line":93,"column":0},"end":{"line":93,"column":5}},"93":{"start":{"line":94,"column":0},"end":{"line":94,"column":3}},"94":{"start":{"line":95,"column":0},"end":{"line":95,"column":1}}},"s":{"0":1,"1":1,"2":1,"3":1,"4":1,"5":1,"6":15,"7":15,"8":15,"9":15,"10":1,"11":1,"12":1,"13":1,"14":1,"15":1,"16":1,"17":1,"18":1,"19":1,"20":1,"21":1,"22":1,"23":13,"24":13,"25":1,"26":1,"27":17,"28":19,"29":19,"30":4,"31":4,"32":19,"33":7,"34":7,"35":19,"36":3,"37":3,"38":19,"39":2,"40":2,"41":19,"42":3,"43":3,"44":19,"45":19,"46":17,"47":17,"48":1,"49":1,"50":10,"51":10,"52":1,"53":1,"54":7,"55":7,"56":1,"57":1,"58":4,"59":4,"60":4,"61":1,"62":1,"63":7,"64":7,"65":1,"66":7,"67":4,"68":6,"69":1,"70":1,"71":1,"72":1,"73":7,"74":1,"75":1,"76":3,"77":3,"78":1,"79":1,"80":2,"81":2,"82":2,"83":1,"84":1,"85":2,"86":1,"87":1,"88":3,"89":3,"90":3,"91":1,"92":1,"93":3,"94":1},"branchMap":{"0":{"type":"branch","line":1,"loc":{"start":{"line":1,"column":0},"end":{"line":11,"column":1}},"locations":[{"start":{"line":1,"column":0},"end":{"line":11,"column":1}}]},"1":{"type":"branch","line":6,"loc":{"start":{"line":6,"column":2},"end":{"line":10,"column":3}},"locations":[{"start":{"line":6,"column":2},"end":{"line":10,"column":3}}]},"2":{"type":"branch","line":20,"loc":{"start":{"line":20,"column":0},"end":{"line":95,"column":1}},"locations":[{"start":{"line":20,"column":0},"end":{"line":95,"column":1}}]},"3":{"type":"branch","line":23,"loc":{"start":{"line":23,"column":2},"end":{"line":25,"column":3}},"locations":[{"start":{"line":23,"column":2},"end":{"line":25,"column":3}}]},"4":{"type":"branch","line":23,"loc":{"start":{"line":23,"column":14},"end":{"line":23,"column":42}},"locations":[{"start":{"line":23,"column":14},"end":{"line":23,"column":42}}]},"5":{"type":"branch","line":27,"loc":{"start":{"line":27,"column":2},"end":{"line":48,"column":3}},"locations":[{"start":{"line":27,"column":2},"end":{"line":48,"column":3}}]},"6":{"type":"branch","line":28,"loc":{"start":{"line":28,"column":35},"end":{"line":46,"column":5}},"locations":[{"start":{"line":28,"column":35},"end":{"line":46,"column":5}}]},"7":{"type":"branch","line":30,"loc":{"start":{"line":30,"column":8},"end":{"line":32,"column":19}},"locations":[{"start":{"line":30,"column":8},"end":{"line":32,"column":19}}]},"8":{"type":"branch","line":33,"loc":{"start":{"line":33,"column":8},"end":{"line":35,"column":19}},"locations":[{"start":{"line":33,"column":8},"end":{"line":35,"column":19}}]},"9":{"type":"branch","line":36,"loc":{"start":{"line":36,"column":8},"end":{"line":38,"column":19}},"locations":[{"start":{"line":36,"column":8},"end":{"line":38,"column":19}}]},"10":{"type":"branch","line":39,"loc":{"start":{"line":39,"column":8},"end":{"line":41,"column":19}},"locations":[{"start":{"line":39,"column":8},"end":{"line":41,"column":19}}]},"11":{"type":"branch","line":42,"loc":{"start":{"line":42,"column":8},"end":{"line":44,"column":16}},"locations":[{"start":{"line":42,"column":8},"end":{"line":44,"column":16}}]},"12":{"type":"branch","line":50,"loc":{"start":{"line":50,"column":2},"end":{"line":52,"column":3}},"locations":[{"start":{"line":50,"column":2},"end":{"line":52,"column":3}}]},"13":{"type":"branch","line":50,"loc":{"start":{"line":50,"column":38},"end":{"line":50,"column":59}},"locations":[{"start":{"line":50,"column":38},"end":{"line":50,"column":59}}]},"14":{"type":"branch","line":54,"loc":{"start":{"line":54,"column":2},"end":{"line":56,"column":3}},"locations":[{"start":{"line":54,"column":2},"end":{"line":56,"column":3}}]},"15":{"type":"branch","line":54,"loc":{"start":{"line":54,"column":38},"end":{"line":54,"column":59}},"locations":[{"start":{"line":54,"column":38},"end":{"line":54,"column":59}}]},"16":{"type":"branch","line":58,"loc":{"start":{"line":58,"column":2},"end":{"line":61,"column":3}},"locations":[{"start":{"line":58,"column":2},"end":{"line":61,"column":3}}]},"17":{"type":"branch","line":63,"loc":{"start":{"line":63,"column":2},"end":{"line":74,"column":3}},"locations":[{"start":{"line":63,"column":2},"end":{"line":74,"column":3}}]},"18":{"type":"branch","line":65,"loc":{"start":{"line":65,"column":25},"end":{"line":67,"column":11}},"locations":[{"start":{"line":65,"column":25},"end":{"line":67,"column":11}}]},"19":{"type":"branch","line":67,"loc":{"start":{"line":67,"column":5},"end":{"line":73,"column":5}},"locations":[{"start":{"line":67,"column":5},"end":{"line":73,"column":5}}]},"20":{"type":"branch","line":67,"loc":{"start":{"line":67,"column":32},"end":{"line":69,"column":11}},"locations":[{"start":{"line":67,"column":32},"end":{"line":69,"column":11}}]},"21":{"type":"branch","line":69,"loc":{"start":{"line":69,"column":5},"end":{"line":73,"column":5}},"locations":[{"start":{"line":69,"column":5},"end":{"line":73,"column":5}}]},"22":{"type":"branch","line":69,"loc":{"start":{"line":69,"column":33},"end":{"line":73,"column":5}},"locations":[{"start":{"line":69,"column":33},"end":{"line":73,"column":5}}]},"23":{"type":"branch","line":76,"loc":{"start":{"line":76,"column":2},"end":{"line":78,"column":3}},"locations":[{"start":{"line":76,"column":2},"end":{"line":78,"column":3}}]},"24":{"type":"branch","line":80,"loc":{"start":{"line":80,"column":2},"end":{"line":86,"column":3}},"locations":[{"start":{"line":80,"column":2},"end":{"line":86,"column":3}}]},"25":{"type":"branch","line":83,"loc":{"start":{"line":83,"column":25},"end":{"line":85,"column":5}},"locations":[{"start":{"line":83,"column":25},"end":{"line":85,"column":5}}]},"26":{"type":"branch","line":88,"loc":{"start":{"line":88,"column":2},"end":{"line":94,"column":3}},"locations":[{"start":{"line":88,"column":2},"end":{"line":94,"column":3}}]},"27":{"type":"branch","line":91,"loc":{"start":{"line":91,"column":25},"end":{"line":93,"column":5}},"locations":[{"start":{"line":91,"column":25},"end":{"line":93,"column":5}}]}},"b":{"0":[1],"1":[15],"2":[1],"3":[13],"4":[0],"5":[17],"6":[19],"7":[4],"8":[7],"9":[3],"10":[2],"11":[3],"12":[10],"13":[5],"14":[7],"15":[4],"16":[4],"17":[7],"18":[1],"19":[6],"20":[4],"21":[2],"22":[1],"23":[3],"24":[2],"25":[1],"26":[3],"27":[1]},"fnMap":{"0":{"name":"Item","decl":{"start":{"line":6,"column":2},"end":{"line":10,"column":3}},"loc":{"start":{"line":6,"column":2},"end":{"line":10,"column":3}},"line":6},"1":{"name":"GildedRose","decl":{"start":{"line":23,"column":2},"end":{"line":25,"column":3}},"loc":{"start":{"line":23,"column":2},"end":{"line":25,"column":3}},"line":23},"2":{"name":"Object.<anonymous>.GildedRose.updateQuality","decl":{"start":{"line":27,"column":2},"end":{"line":48,"column":3}},"loc":{"start":{"line":27,"column":2},"end":{"line":48,"column":3}},"line":27},"3":{"name":"Object.<anonymous>.GildedRose.increaseQuality","decl":{"start":{"line":50,"column":2},"end":{"line":52,"column":3}},"loc":{"start":{"line":50,"column":2},"end":{"line":52,"column":3}},"line":50},"4":{"name":"Object.<anonymous>.GildedRose.decreaseQuality","decl":{"start":{"line":54,"column":2},"end":{"line":56,"column":3}},"loc":{"start":{"line":54,"column":2},"end":{"line":56,"column":3}},"line":54},"5":{"name":"Object.<anonymous>.GildedRose.updateAgedBrie","decl":{"start":{"line":58,"column":2},"end":{"line":61,"column":3}},"loc":{"start":{"line":58,"column":2},"end":{"line":61,"column":3}},"line":58},"6":{"name":"Object.<anonymous>.GildedRose.updateBackstagePasses","decl":{"start":{"line":63,"column":2},"end":{"line":74,"column":3}},"loc":{"start":{"line":63,"column":2},"end":{"line":74,"column":3}},"line":63},"7":{"name":"Object.<anonymous>.GildedRose.updateSulfuras","decl":{"start":{"line":76,"column":2},"end":{"line":78,"column":3}},"loc":{"start":{"line":76,"column":2},"end":{"line":78,"column":3}},"line":76},"8":{"name":"Object.<anonymous>.GildedRose.updateConjured","decl":{"start":{"line":80,"column":2},"end":{"line":86,"column":3}},"loc":{"start":{"line":80,"column":2},"end":{"line":86,"column":3}},"line":80},"9":{"name":"Object.<anonymous>.GildedRose.updateNormal","decl":{"start":{"line":88,"column":2},"end":{"line":94,"column":3}},"loc":{"start":{"line":88,"column":2},"end":{"line":94,"column":3}},"line":88}},"f":{"0":15,"1":13,"2":17,"3":10,"4":7,"5":4,"6":7,"7":3,"8":2,"9":3}}
}
