TN:
SF:app/gilded-rose.ts
FN:6,Item
FN:34,GildedRose
FN:38,Object.<anonymous>.GildedRose.updateQuality
FN:61,Object.<anonymous>.GildedRose.increaseQuality
FN:65,Object.<anonymous>.GildedRose.decreaseQuality
FN:69,Object.<anonymous>.GildedRose.updateAgedBrie
FN:74,Object.<anonymous>.GildedRose.updateBackstagePasses
FN:87,Object.<anonymous>.GildedRose.updateSulfuras
FN:91,Object.<anonymous>.GildedRose.updateConjured
FN:99,Object.<anonymous>.GildedRose.updateNormal
FNF:10
FNH:10
FNDA:26,Item
FNDA:15,GildedRose
FNDA:17,Object.<anonymous>.GildedRose.updateQuality
FNDA:13,Object.<anonymous>.GildedRose.increaseQuality
FNDA:12,Object.<anonymous>.GildedRose.decreaseQuality
FNDA:6,Object.<anonymous>.GildedRose.updateAgedBrie
FNDA:8,Object.<anonymous>.GildedRose.updateBackstagePasses
FNDA:5,Object.<anonymous>.GildedRose.updateSulfuras
FNDA:4,Object.<anonymous>.GildedRose.updateConjured
FNDA:5,Object.<anonymous>.GildedRose.updateNormal
DA:1,1
DA:2,1
DA:3,1
DA:4,1
DA:5,1
DA:6,1
DA:7,26
DA:8,26
DA:9,26
DA:10,26
DA:11,1
DA:12,1
DA:13,1
DA:14,1
DA:15,1
DA:16,1
DA:17,1
DA:18,1
DA:19,1
DA:20,1
DA:21,1
DA:22,1
DA:23,1
DA:24,1
DA:25,1
DA:26,1
DA:27,1
DA:28,1
DA:29,1
DA:30,1
DA:31,1
DA:32,1
DA:33,1
DA:34,1
DA:35,15
DA:36,15
DA:37,1
DA:38,1
DA:39,17
DA:40,28
DA:41,28
DA:42,6
DA:43,6
DA:44,28
DA:45,8
DA:46,8
DA:47,28
DA:48,5
DA:49,5
DA:50,28
DA:51,4
DA:52,4
DA:53,28
DA:54,5
DA:55,5
DA:56,28
DA:57,28
DA:58,17
DA:59,17
DA:60,1
DA:61,1
DA:62,13
DA:63,13
DA:64,1
DA:65,1
DA:66,12
DA:67,12
DA:68,1
DA:69,1
DA:70,6
DA:71,6
DA:72,6
DA:73,1
DA:74,1
DA:75,8
DA:76,8
DA:77,1
DA:78,8
DA:79,4
DA:80,7
DA:81,1
DA:82,3
DA:83,2
DA:84,2
DA:85,8
DA:86,1
DA:87,1
DA:88,5
DA:89,5
DA:90,1
DA:91,1
DA:92,4
DA:93,4
DA:94,4
DA:95,1
DA:96,1
DA:97,4
DA:98,1
DA:99,1
DA:100,5
DA:101,5
DA:102,5
DA:103,2
DA:104,2
DA:105,5
DA:106,1
LF:106
LH:106
BRDA:1,0,0,1
BRDA:6,1,0,26
BRDA:31,2,0,1
BRDA:34,3,0,15
BRDA:34,4,0,0
BRDA:38,5,0,17
BRDA:39,6,0,28
BRDA:41,7,0,6
BRDA:44,8,0,8
BRDA:47,9,0,5
BRDA:50,10,0,4
BRDA:53,11,0,5
BRDA:61,12,0,13
BRDA:61,13,0,8
BRDA:65,14,0,12
BRDA:65,15,0,7
BRDA:69,16,0,6
BRDA:74,17,0,8
BRDA:76,18,0,1
BRDA:78,19,0,7
BRDA:78,20,0,4
BRDA:80,21,0,3
BRDA:80,22,0,1
BRDA:82,23,0,2
BRDA:87,24,0,5
BRDA:91,25,0,4
BRDA:94,26,0,1
BRDA:99,27,0,5
BRDA:102,28,0,2
BRF:29
BRH:28
end_of_record
