TN:
SF:app/gilded-rose.ts
FN:6,Item
FN:34,GildedRose
FN:38,Object.<anonymous>.GildedRose.updateQuality
FN:61,Object.<anonymous>.GildedRose.increaseQuality
FN:65,Object.<anonymous>.GildedRose.decreaseQuality
FN:69,Object.<anonymous>.GildedRose.updateAgedBrie
FN:74,Object.<anonymous>.GildedRose.updateBackstagePasses
FN:87,Object.<anonymous>.GildedRose.updateSulfuras
FN:91,Object.<anonymous>.GildedRose.updateConjured
FN:99,Object.<anonymous>.GildedRose.updateNormal
FNF:10
FNH:10
FNDA:16,Item
FNDA:14,GildedRose
FNDA:16,Object.<anonymous>.GildedRose.updateQuality
FNDA:9,Object.<anonymous>.GildedRose.increaseQuality
FNDA:7,Object.<anonymous>.GildedRose.decreaseQuality
FNDA:4,Object.<anonymous>.GildedRose.updateAgedBrie
FNDA:6,Object.<anonymous>.GildedRose.updateBackstagePasses
FNDA:3,Object.<anonymous>.GildedRose.updateSulfuras
FNDA:2,Object.<anonymous>.GildedRose.updateConjured
FNDA:3,Object.<anonymous>.GildedRose.updateNormal
DA:1,1
DA:2,1
DA:3,1
DA:4,1
DA:5,1
DA:6,1
DA:7,16
DA:8,16
DA:9,16
DA:10,16
DA:11,1
DA:12,1
DA:13,1
DA:14,1
DA:15,1
DA:16,1
DA:17,1
DA:18,1
DA:19,1
DA:20,1
DA:21,1
DA:22,1
DA:23,1
DA:24,1
DA:25,1
DA:26,1
DA:27,1
DA:28,1
DA:29,1
DA:30,1
DA:31,1
DA:32,1
DA:33,1
DA:34,1
DA:35,14
DA:36,14
DA:37,1
DA:38,1
DA:39,16
DA:40,18
DA:41,18
DA:42,4
DA:43,4
DA:44,18
DA:45,6
DA:46,6
DA:47,18
DA:48,3
DA:49,3
DA:50,18
DA:51,2
DA:52,2
DA:53,18
DA:54,3
DA:55,3
DA:56,18
DA:57,18
DA:58,16
DA:59,16
DA:60,1
DA:61,1
DA:62,9
DA:63,9
DA:64,1
DA:65,1
DA:66,7
DA:67,7
DA:68,1
DA:69,1
DA:70,4
DA:71,4
DA:72,4
DA:73,1
DA:74,1
DA:75,6
DA:76,6
DA:77,1
DA:78,6
DA:79,3
DA:80,5
DA:81,1
DA:82,1
DA:83,1
DA:84,1
DA:85,6
DA:86,1
DA:87,1
DA:88,3
DA:89,3
DA:90,1
DA:91,1
DA:92,2
DA:93,2
DA:94,2
DA:95,1
DA:96,1
DA:97,2
DA:98,1
DA:99,1
DA:100,3
DA:101,3
DA:102,3
DA:103,1
DA:104,1
DA:105,3
DA:106,1
LF:106
LH:106
BRDA:1,0,0,1
BRDA:6,1,0,16
BRDA:31,2,0,1
BRDA:34,3,0,14
BRDA:34,4,0,0
BRDA:38,5,0,16
BRDA:39,6,0,18
BRDA:41,7,0,4
BRDA:44,8,0,6
BRDA:47,9,0,3
BRDA:50,10,0,2
BRDA:53,11,0,3
BRDA:61,12,0,9
BRDA:61,13,0,5
BRDA:65,14,0,7
BRDA:65,15,0,4
BRDA:69,16,0,4
BRDA:74,17,0,6
BRDA:76,18,0,1
BRDA:78,19,0,5
BRDA:78,20,0,3
BRDA:80,21,0,2
BRDA:80,22,0,1
BRDA:87,23,0,3
BRDA:91,24,0,2
BRDA:94,25,0,1
BRDA:99,26,0,3
BRDA:102,27,0,1
BRF:28
BRH:27
end_of_record
